<?xml version="1.0" encoding="UTF-8"?>
<testsuite name="pers.tbsowa.root.AppTest" time="0.002" tests="1" errors="0" skipped="0" failures="0">
  <properties>
    <property name="java.runtime.name" value="Java(TM) SE Runtime Environment"/>
    <property name="sun.boot.library.path" value="C:\Program Files (x86)\Java\jdk1.8.0_74\jre\bin"/>
    <property name="java.vm.version" value="25.74-b02"/>
    <property name="java.vm.vendor" value="Oracle Corporation"/>
    <property name="java.vendor.url" value="http://java.oracle.com/"/>
    <property name="path.separator" value=";"/>
    <property name="guice.disable.misplaced.annotation.check" value="true"/>
    <property name="java.vm.name" value="Java HotSpot(TM) Client VM"/>
    <property name="file.encoding.pkg" value="sun.io"/>
    <property name="user.script" value=""/>
    <property name="user.country" value="CN"/>
    <property name="sun.java.launcher" value="SUN_STANDARD"/>
    <property name="sun.os.patch.level" value=""/>
    <property name="java.vm.specification.name" value="Java Virtual Machine Specification"/>
    <property name="user.dir" value="F:\Study_Project_Workspaces\STS\sowa\tbsowa-root"/>
    <property name="java.runtime.version" value="1.8.0_74-b02"/>
    <property name="java.awt.graphicsenv" value="sun.awt.Win32GraphicsEnvironment"/>
    <property name="java.endorsed.dirs" value="C:\Program Files (x86)\Java\jdk1.8.0_74\jre\lib\endorsed"/>
    <property name="os.arch" value="x86"/>
    <property name="java.io.tmpdir" value="C:\Users\dell\AppData\Local\Temp\"/>
    <property name="line.separator" value="&#10;"/>
    <property name="java.vm.specification.vendor" value="Oracle Corporation"/>
    <property name="user.variant" value=""/>
    <property name="os.name" value="Windows 10"/>
    <property name="classworlds.conf" value="F:\Study_Project_Workspaces\STS\.metadata\.plugins\org.eclipse.m2e.launching\launches\m2conf1704986805265351047.tmp"/>
    <property name="sun.jnu.encoding" value="GB18030"/>
    <property name="java.library.path" value="C:\Program Files (x86)\Java\jdk1.8.0_74\bin;C:\WINDOWS\Sun\Java\bin;C:\WINDOWS\system32;C:\WINDOWS;C:/Program Files (x86)/Java/jdk1.8.0_74/bin/../jre/bin/client;C:/Program Files (x86)/Java/jdk1.8.0_74/bin/../jre/bin;C:/Program Files (x86)/Java/jdk1.8.0_74/bin/../jre/lib/i386;D:\oracle\product\10.2.0\db_1\bin;D:\ARM\ADSv1_2\bin;C:\Program Files\Common Files\Microsoft Shared\Windows Live;C:\Program Files (x86)\Common Files\Microsoft Shared\Windows Live;C:\WINDOWS\system32;C:\WINDOWS;C:\WINDOWS\System32\Wbem;C:\WINDOWS\System32\WindowsPowerShell\v1.0\;C:\Program Files (x86)\ATI Technologies\ATI.ACE\Core-Static;c:\Program Files (x86)\Common Files\Roxio Shared\DLLShared\;c:\Program Files (x86)\Common Files\Roxio Shared\OEM\DLLShared\;c:\Program Files (x86)\Common Files\Roxio Shared\OEM\12.0\DLLShared\;c:\Program Files (x86)\Roxio\OEM\AudioCore\;C:\Program Files (x86)\Common Files\Thunder Network\KanKan\Codecs;%QUARTUS_ROOTDIR%\bin;C:\Program Files (x86)\Microsoft SQL Server\80\Tools\Binn\;C:\Program Files (x86)\Microsoft SQL Server\90\Tools\binn\;C:\Program Files\Microsoft\Web Platform Installer\;C:\Program Files (x86)\Microsoft ASP.NET\ASP.NET Web Pages\v1.0\;C:\Program Files\Microsoft SQL Server\110\Tools\Binn\;C:\go\bin;D:\Python34;C:\Program Files\gradle-2.3\bin;PYTHONVERBOSE=1;D:\apache-maven-3.2.5\bin;C:\Program Files (x86)\Java\jdk1.8.0_74\bin;C:\Program Files (x86)\Java\jdk1.8.0_74\jre\bin;D:\redis-2.4.5-win32-win64\64bit;C:\Program Files\nodejs\;D:\doxygen\bin;D:\TortoiseSVN\bin;D:\IDM Computer Solutions\UltraEdit\;C:\Users\dell\AppData\Roaming\npm;%USERPROFILE%\AppData\Local\Microsoft\WindowsApps;;H:\yunyi\STS\sts-bundle\sts-3.6.4.RELEASE;;."/>
    <property name="java.specification.name" value="Java Platform API Specification"/>
    <property name="java.class.version" value="52.0"/>
    <property name="sun.management.compiler" value="HotSpot Client Compiler"/>
    <property name="os.version" value="10.0"/>
    <property name="user.home" value="C:\Users\dell"/>
    <property name="user.timezone" value="Asia/Shanghai"/>
    <property name="java.awt.printerjob" value="sun.awt.windows.WPrinterJob"/>
    <property name="java.specification.version" value="1.8"/>
    <property name="file.encoding" value="UTF-8"/>
    <property name="user.name" value="dell"/>
    <property name="java.class.path" value="/H:/yunyi/STS/sts-bundle/sts-3.6.4.RELEASE/plugins/org.eclipse.m2e.maven.runtime_1.5.1.20150109-1819/jars/plexus-classworlds-2.5.1.jar"/>
    <property name="org.slf4j.simpleLogger.defaultLogLevel" value="info"/>
    <property name="java.vm.specification.version" value="1.8"/>
    <property name="sun.arch.data.model" value="32"/>
    <property name="java.home" value="C:\Program Files (x86)\Java\jdk1.8.0_74\jre"/>
    <property name="sun.java.command" value="org.codehaus.plexus.classworlds.launcher.Launcher -B -s D:\apache-maven-3.2.5\conf\settings.xml install"/>
    <property name="java.specification.vendor" value="Oracle Corporation"/>
    <property name="user.language" value="zh"/>
    <property name="awt.toolkit" value="sun.awt.windows.WToolkit"/>
    <property name="java.vm.info" value="mixed mode"/>
    <property name="java.version" value="1.8.0_74"/>
    <property name="java.ext.dirs" value="C:\Program Files (x86)\Java\jdk1.8.0_74\jre\lib\ext;C:\WINDOWS\Sun\Java\lib\ext"/>
    <property name="sun.boot.class.path" value="C:\Program Files (x86)\Java\jdk1.8.0_74\jre\lib\resources.jar;C:\Program Files (x86)\Java\jdk1.8.0_74\jre\lib\rt.jar;C:\Program Files (x86)\Java\jdk1.8.0_74\jre\lib\sunrsasign.jar;C:\Program Files (x86)\Java\jdk1.8.0_74\jre\lib\jsse.jar;C:\Program Files (x86)\Java\jdk1.8.0_74\jre\lib\jce.jar;C:\Program Files (x86)\Java\jdk1.8.0_74\jre\lib\charsets.jar;C:\Program Files (x86)\Java\jdk1.8.0_74\jre\lib\jfr.jar;C:\Program Files (x86)\Java\jdk1.8.0_74\jre\classes"/>
    <property name="java.vendor" value="Oracle Corporation"/>
    <property name="maven.home" value="F:\Study_Project_Workspaces\STS\sowa\tbsowa-root\EMBEDDED"/>
    <property name="file.separator" value="\"/>
    <property name="java.vendor.url.bug" value="http://bugreport.sun.com/bugreport/"/>
    <property name="sun.cpu.endian" value="little"/>
    <property name="sun.io.unicode.encoding" value="UnicodeLittle"/>
    <property name="sun.desktop" value="windows"/>
    <property name="sun.cpu.isalist" value="pentium_pro+mmx pentium_pro pentium+mmx pentium i486 i386 i86"/>
  </properties>
  <testcase name="testMain" classname="pers.tbsowa.root.AppTest" time="0.002"/>
</testsuite>